   1, "将 COUNT(colname) 映射为 COUNT(*)"
   2, "数字文字的 MS Query 修订"
   4, "将时间戳记值映射为日期值"
   8, "将时间戳记值映射为时间值"
  16, "SQLSTATE 的 Cognos Impromptu 修订"
  32, "长型数据类型的 Lotus-1-2-3 V4.01 修订"
  64, "零终止 DBCS 字符串"
 128, "允许 MS Access，Visual Basic 握手"
 256, "在唯一索引之前返回主关键字"
 512, "Lotus Approach V3.01 修订"
1024, "空搜索更新／删除的 MS Visual Basic 修订"
2048, "（保留）"
4096, "当自动落实为开时，在关闭游标后落实"
8192, "返回输出存储过程自变量作为 Powerbuilder 的结果集"
16384, "（保留）"
32768, "使 Microsoft Query 应用程序使用 DB2 MVS 同义词"
65536, "自动为图形文字插入 'G'"
131072, "将时间戳记描述为 CHAR(26)"
262144, "使用伪目录表 db2cli.procedures"
524288, "对 DB2/400 V3.x 使用 SYSTEM_TABLE_SCHEMA 而不使用 TABLE_SCHEMA"
1048576, "通过 SQLPutData() 将零长度的字符串当作 SQL_NULL_DATA"


